   Compiling proc-macro2 v1.0.106
   Compiling quote v1.0.45
   Compiling unicode-ident v1.0.24
   Compiling serde_core v1.0.228
   Compiling libc v0.2.183
   Compiling rustix v1.1.4
    Checking winnow v1.0.0
   Compiling thiserror v2.0.18
   Compiling serde v1.0.228
   Compiling getrandom v0.4.2
   Compiling anyhow v1.0.102
    Checking toml_writer v1.1.0+spec-1.1.0
    Checking cfg-if v1.0.4
    Checking bitflags v2.11.0
    Checking linux-raw-sys v0.12.1
    Checking once_cell v1.21.4
    Checking fastrand v2.3.0
    Checking toml_parser v1.1.0+spec-1.1.0
    Checking tempfile v3.27.0
   Compiling syn v2.0.117
   Compiling serde_derive v1.0.228
   Compiling thiserror-impl v2.0.18
    Checking serde_spanned v1.1.0
    Checking toml_datetime v1.1.0+spec-1.1.0
    Checking toml v1.1.0+spec-1.1.0
    Checking procjail v0.1.1 (/home/mukund-thiru/Santh/libs/procjail)
    Finished `dev` profile [unoptimized + debuginfo] target(s) in 3.12s
